0 info it worked if it ends with ok
1 verbose cli [ 'C:\\Program Files\\nodejs\\node.exe',
1 verbose cli   'C:\\Program Files\\nodejs\\node_modules\\npm\\bin\\npm-cli.js',
1 verbose cli   'run',
1 verbose cli   'dev' ]
2 info using npm@4.1.2
3 info using node@v7.7.2
4 verbose run-script [ 'predev', 'dev', 'postdev' ]
5 info lifecycle Vue-BoilerPlate@1.0.0~predev: Vue-BoilerPlate@1.0.0
6 silly lifecycle Vue-BoilerPlate@1.0.0~predev: no script for predev, continuing
7 info lifecycle Vue-BoilerPlate@1.0.0~dev: Vue-BoilerPlate@1.0.0
8 verbose lifecycle Vue-BoilerPlate@1.0.0~dev: unsafe-perm in lifecycle true
9 verbose lifecycle Vue-BoilerPlate@1.0.0~dev: PATH: C:\Program Files\nodejs\node_modules\npm\bin\node-gyp-bin;D:\R&D\Repositories\vue-boilerplate\trunk\node_modules\.bin;C:\Windows\system32;C:\Windows;C:\Windows\System32\Wbem;C:\Windows\System32\WindowsPowerShell\v1.0\;C:\Program Files\Microsoft SQL Server\130\Tools\Binn\;C:\Program Files\dotnet\;C:\Program Files (x86)\Skype\Phone\;%USERPROFILE%\.dnx\bin;C:\Program Files\Microsoft DNX\Dnvm\;C:\Program Files (x86)\Common Files\Adobe\AGL;C:\Program Files\nodejs\;C:\Program Files\MongoDB\Server\3.4\bin\mongod;C:\Program Files (x86)\Microsoft SQL Server\Client SDK\ODBC\130\Tools\Binn\;C:\Program Files (x86)\Microsoft SQL Server\130\Tools\Binn\;C:\Program Files (x86)\Microsoft SQL Server\130\DTS\Binn\;C:\Program Files (x86)\Microsoft SQL Server\130\Tools\Binn\ManagementStudio\;D:\anaconda;D:\anaconda\Scripts;D:\anaconda\Library\bin;D:\Xampp5.6\php;C:\ProgramData\ComposerSetup\bin;C:\Program Files\MIT\Kerberos\bin;D:\Sublime Text 3\;C:\Program Files\TortoiseSVN\bin;C:\Program Files\Git\cmd;C:\Users\suraj\AppData\Local\Microsoft\WindowsApps;C:\Users\suraj\AppData\Roaming\npm;D:\Microsoft VS Code\bin;C:\Users\suraj\AppData\Roaming\Composer\vendor\bin
10 verbose lifecycle Vue-BoilerPlate@1.0.0~dev: CWD: D:\R&D\Repositories\vue-boilerplate\trunk
11 silly lifecycle Vue-BoilerPlate@1.0.0~dev: Args: [ '/d /s /c', 'node build/dev-server.js' ]
12 silly lifecycle Vue-BoilerPlate@1.0.0~dev: Returned: code: 3221225786  signal: null
13 info lifecycle Vue-BoilerPlate@1.0.0~dev: Failed to exec dev script
14 verbose stack Error: Vue-BoilerPlate@1.0.0 dev: `node build/dev-server.js`
14 verbose stack Exit status 3221225786
14 verbose stack     at EventEmitter.<anonymous> (C:\Program Files\nodejs\node_modules\npm\lib\utils\lifecycle.js:279:16)
14 verbose stack     at emitTwo (events.js:106:13)
14 verbose stack     at EventEmitter.emit (events.js:194:7)
14 verbose stack     at ChildProcess.<anonymous> (C:\Program Files\nodejs\node_modules\npm\lib\utils\spawn.js:40:14)
14 verbose stack     at emitTwo (events.js:106:13)
14 verbose stack     at ChildProcess.emit (events.js:194:7)
14 verbose stack     at maybeClose (internal/child_process.js:899:16)
14 verbose stack     at Process.ChildProcess._handle.onexit (internal/child_process.js:226:5)
15 verbose pkgid Vue-BoilerPlate@1.0.0
16 verbose cwd D:\R&D\Repositories\vue-boilerplate\trunk
17 error Windows_NT 10.0.14393
18 error argv "C:\\Program Files\\nodejs\\node.exe" "C:\\Program Files\\nodejs\\node_modules\\npm\\bin\\npm-cli.js" "run" "dev"
19 error node v7.7.2
20 error npm  v4.1.2
21 error code ELIFECYCLE
22 error Vue-BoilerPlate@1.0.0 dev: `node build/dev-server.js`
22 error Exit status 3221225786
23 error Failed at the Vue-BoilerPlate@1.0.0 dev script 'node build/dev-server.js'.
23 error Make sure you have the latest version of node.js and npm installed.
23 error If you do, this is most likely a problem with the Vue-BoilerPlate package,
23 error not with npm itself.
23 error Tell the author that this fails on your system:
23 error     node build/dev-server.js
23 error You can get information on how to open an issue for this project with:
23 error     npm bugs Vue-BoilerPlate
23 error Or if that isn't available, you can get their info via:
23 error     npm owner ls Vue-BoilerPlate
23 error There is likely additional logging output above.
24 verbose exit [ 1, true ]
